<?xml version="1.0" encoding="UTF-8"?>
<testng-results ignored="0" total="1" passed="1" failed="0" skipped="0">
  <reporter-output>
  </reporter-output>
  <suite started-at="2024-03-13T16:07:17 IST" name="Default suite" finished-at="2024-03-13T16:07:21 IST" duration-ms="4423">
    <groups>
    </groups>
    <test started-at="2024-03-13T16:07:17 IST" name="Default test" finished-at="2024-03-13T16:07:21 IST" duration-ms="4423">
      <class name="reusedClass.Execute">
        <test-method is-config="true" signature="open()[pri:0, instance:reusedClass.Execute@595b007d]" started-at="2024-03-13T16:07:17 IST" name="open" finished-at="2024-03-13T16:07:18 IST" duration-ms="1414" status="PASS">
          <reporter-output>
          </reporter-output>
        </test-method> <!-- open -->
        <test-method signature="f()[pri:0, instance:reusedClass.Execute@595b007d]" started-at="2024-03-13T16:07:18 IST" name="f" finished-at="2024-03-13T16:07:21 IST" duration-ms="2947" status="PASS">
          <reporter-output>
          </reporter-output>
        </test-method> <!-- f -->
      </class> <!-- reusedClass.Execute -->
    </test> <!-- Default test -->
  </suite> <!-- Default suite -->
</testng-results>
